  [1m[35m (0.3ms)[0m  [1m[34mSELECT pg_try_advisory_lock(4887426210265171020)[0m
  [1m[35m (0.8ms)[0m  [1m[34mSELECT "schema_migrations"."version" FROM "schema_migrations" ORDER BY "schema_migrations"."version" ASC[0m
Migrating to CreateUsers (20180807221057)
  [1m[35m (0.1ms)[0m  [1m[35mBEGIN[0m
  [1m[35m (5.1ms)[0m  [1m[35mCREATE TABLE "users" ("id" bigserial primary key, "email" character varying NOT NULL, "fname" character varying, "lname" character varying, "user_url" character varying, "birthday" date, "sex" character varying, "password_digest" character varying NOT NULL, "session_token" character varying NOT NULL, "created_at" timestamp NOT NULL, "updated_at" timestamp NOT NULL)[0m
  [1m[35m (0.2ms)[0m  [1m[31mROLLBACK[0m
  [1m[35m (0.3ms)[0m  [1m[34mSELECT pg_advisory_unlock(4887426210265171020)[0m
  [1m[35m (0.8ms)[0m  [1m[34mSELECT "schema_migrations"."version" FROM "schema_migrations" ORDER BY "schema_migrations"."version" ASC[0m
  [1m[35m (0.8ms)[0m  [1m[34mSELECT "schema_migrations"."version" FROM "schema_migrations" ORDER BY "schema_migrations"."version" ASC[0m
  [1m[35m (0.4ms)[0m  [1m[34mSELECT "ar_internal_metadata"."value" FROM "ar_internal_metadata" WHERE "ar_internal_metadata"."key" = $1[0m  [["key", "environment"]]
  [1m[35m (0.3ms)[0m  [1m[34mSELECT "schema_migrations"."version" FROM "schema_migrations" ORDER BY "schema_migrations"."version" ASC[0m
  [1m[35m (0.2ms)[0m  [1m[34mSELECT "ar_internal_metadata"."value" FROM "ar_internal_metadata" WHERE "ar_internal_metadata"."key" = $1[0m  [["key", "environment"]]
  [1m[35m (0.2ms)[0m  [1m[34mSELECT "schema_migrations"."version" FROM "schema_migrations" ORDER BY "schema_migrations"."version" ASC[0m
  [1m[35m (0.2ms)[0m  [1m[34mSELECT "ar_internal_metadata"."value" FROM "ar_internal_metadata" WHERE "ar_internal_metadata"."key" = $1[0m  [["key", "environment"]]
  [1m[35m (0.8ms)[0m  [1m[34mSELECT "schema_migrations"."version" FROM "schema_migrations" ORDER BY "schema_migrations"."version" ASC[0m
  [1m[35m (0.4ms)[0m  [1m[34mSELECT "ar_internal_metadata"."value" FROM "ar_internal_metadata" WHERE "ar_internal_metadata"."key" = $1[0m  [["key", "environment"]]
  [1m[35m (0.2ms)[0m  [1m[34mSELECT "schema_migrations"."version" FROM "schema_migrations" ORDER BY "schema_migrations"."version" ASC[0m
  [1m[35m (0.2ms)[0m  [1m[34mSELECT "ar_internal_metadata"."value" FROM "ar_internal_metadata" WHERE "ar_internal_metadata"."key" = $1[0m  [["key", "environment"]]
  [1m[35m (0.2ms)[0m  [1m[34mSELECT "schema_migrations"."version" FROM "schema_migrations" ORDER BY "schema_migrations"."version" ASC[0m
  [1m[35m (0.2ms)[0m  [1m[34mSELECT "ar_internal_metadata"."value" FROM "ar_internal_metadata" WHERE "ar_internal_metadata"."key" = $1[0m  [["key", "environment"]]
  [1m[35m (5050.2ms)[0m  [1m[35mDROP DATABASE IF EXISTS "facenovel_development"[0m
  [1m[35m (0.8ms)[0m  [1m[34mSELECT "schema_migrations"."version" FROM "schema_migrations" ORDER BY "schema_migrations"."version" ASC[0m
  [1m[35m (0.4ms)[0m  [1m[34mSELECT "ar_internal_metadata"."value" FROM "ar_internal_metadata" WHERE "ar_internal_metadata"."key" = $1[0m  [["key", "environment"]]
  [1m[35m (0.2ms)[0m  [1m[34mSELECT "schema_migrations"."version" FROM "schema_migrations" ORDER BY "schema_migrations"."version" ASC[0m
  [1m[35m (0.2ms)[0m  [1m[34mSELECT "ar_internal_metadata"."value" FROM "ar_internal_metadata" WHERE "ar_internal_metadata"."key" = $1[0m  [["key", "environment"]]
  [1m[35m (0.2ms)[0m  [1m[34mSELECT "schema_migrations"."version" FROM "schema_migrations" ORDER BY "schema_migrations"."version" ASC[0m
  [1m[35m (0.2ms)[0m  [1m[34mSELECT "ar_internal_metadata"."value" FROM "ar_internal_metadata" WHERE "ar_internal_metadata"."key" = $1[0m  [["key", "environment"]]
  [1m[35m (144.1ms)[0m  [1m[35mDROP DATABASE IF EXISTS "facenovel_development"[0m
  [1m[35m (138.0ms)[0m  [1m[35mDROP DATABASE IF EXISTS "facenovel_test"[0m
  [1m[35m (281.4ms)[0m  [1m[35mCREATE DATABASE "facenovel_development" ENCODING = 'unicode'[0m
  [1m[35m (281.9ms)[0m  [1m[35mCREATE DATABASE "facenovel_test" ENCODING = 'unicode'[0m
  [1m[35m (6.0ms)[0m  [1m[35mCREATE TABLE "schema_migrations" ("version" character varying NOT NULL PRIMARY KEY)[0m
  [1m[35m (3.7ms)[0m  [1m[35mCREATE TABLE "ar_internal_metadata" ("key" character varying NOT NULL PRIMARY KEY, "value" character varying, "created_at" timestamp NOT NULL, "updated_at" timestamp NOT NULL)[0m
  [1m[35m (0.2ms)[0m  [1m[34mSELECT pg_try_advisory_lock(4887426210265171020)[0m
  [1m[35m (0.7ms)[0m  [1m[34mSELECT "schema_migrations"."version" FROM "schema_migrations" ORDER BY "schema_migrations"."version" ASC[0m
Migrating to CreateUsers (20180807221057)
  [1m[35m (0.2ms)[0m  [1m[35mBEGIN[0m
  [1m[35m (5.6ms)[0m  [1m[35mCREATE TABLE "users" ("id" bigserial primary key, "email" character varying NOT NULL, "fname" character varying, "lname" character varying, "user_url" character varying, "birthday" date, "sex" character varying, "password_digest" character varying NOT NULL, "session_token" character varying NOT NULL, "created_at" timestamp NOT NULL, "updated_at" timestamp NOT NULL)[0m
  [1m[35m (1.2ms)[0m  [1m[35mCREATE UNIQUE INDEX  "index_users_on_email" ON "users"  ("email")[0m
  [1m[35m (1.0ms)[0m  [1m[35mCREATE UNIQUE INDEX  "index_users_on_session_token" ON "users"  ("session_token")[0m
  [1m[35mSQL (0.6ms)[0m  [1m[32mINSERT INTO "schema_migrations" ("version") VALUES ($1) RETURNING "version"[0m  [["version", "20180807221057"]]
  [1m[35m (0.5ms)[0m  [1m[35mCOMMIT[0m
  [1m[36mActiveRecord::InternalMetadata Load (0.5ms)[0m  [1m[34mSELECT  "ar_internal_metadata".* FROM "ar_internal_metadata" WHERE "ar_internal_metadata"."key" = $1 LIMIT $2[0m  [["key", "environment"], ["LIMIT", 1]]
  [1m[35m (0.2ms)[0m  [1m[35mBEGIN[0m
  [1m[35mSQL (0.5ms)[0m  [1m[32mINSERT INTO "ar_internal_metadata" ("key", "value", "created_at", "updated_at") VALUES ($1, $2, $3, $4) RETURNING "key"[0m  [["key", "environment"], ["value", "development"], ["created_at", "2018-08-07 22:15:40.779006"], ["updated_at", "2018-08-07 22:15:40.779006"]]
  [1m[35m (0.3ms)[0m  [1m[35mCOMMIT[0m
  [1m[35m (0.2ms)[0m  [1m[34mSELECT pg_advisory_unlock(4887426210265171020)[0m
  [1m[35m (0.4ms)[0m  [1m[34mSELECT "schema_migrations"."version" FROM "schema_migrations" ORDER BY "schema_migrations"."version" ASC[0m
  [1m[36mUser Load (1.0ms)[0m  [1m[34mSELECT "users".* FROM "users"[0m
  [1m[35m (0.2ms)[0m  [1m[35mBEGIN[0m
  [1m[36mUser Exists (0.8ms)[0m  [1m[34mSELECT  1 AS one FROM "users" WHERE "users"."email" = $1 LIMIT $2[0m  [["email", "agadberr"], ["LIMIT", 1]]
  [1m[36mUser Exists (0.3ms)[0m  [1m[34mSELECT  1 AS one FROM "users" WHERE "users"."session_token" = $1 LIMIT $2[0m  [["session_token", "6RagGOzk9aMvvcY4q2M9Sg"], ["LIMIT", 1]]
  [1m[35mSQL (0.9ms)[0m  [1m[32mINSERT INTO "users" ("email", "password_digest", "session_token", "created_at", "updated_at") VALUES ($1, $2, $3, $4, $5) RETURNING "id"[0m  [["email", "agadberr"], ["password_digest", "$2a$10$DSOS1N1IPTKyXRlDMz4/0uC5mgsxC7kg4f.Gy9r1hC1n8JUv5fvAe"], ["session_token", "6RagGOzk9aMvvcY4q2M9Sg"], ["created_at", "2018-08-07 22:16:15.725644"], ["updated_at", "2018-08-07 22:16:15.725644"]]
  [1m[35m (0.4ms)[0m  [1m[35mCOMMIT[0m
  [1m[36mUser Load (0.5ms)[0m  [1m[34mSELECT "users".* FROM "users"[0m
Started GET "/" for 127.0.0.1 at 2018-08-07 16:24:59 -0700
  [1m[35m (0.9ms)[0m  [1m[34mSELECT "schema_migrations"."version" FROM "schema_migrations" ORDER BY "schema_migrations"."version" ASC[0m
Processing by Rails::WelcomeController#index as HTML
  Rendering /Users/aidang/.rbenv/versions/2.3.1/lib/ruby/gems/2.3.0/gems/railties-5.1.6/lib/rails/templates/rails/welcome/index.html.erb
  Rendered /Users/aidang/.rbenv/versions/2.3.1/lib/ruby/gems/2.3.0/gems/railties-5.1.6/lib/rails/templates/rails/welcome/index.html.erb (3.6ms)
Completed 200 OK in 16ms (Views: 11.6ms | ActiveRecord: 0.0ms)


Started POST "/users" for 127.0.0.1 at 2018-08-07 16:25:41 -0700
  
ActionController::RoutingError (No route matches [POST] "/users"):
  
actionpack (5.1.6) lib/action_dispatch/middleware/debug_exceptions.rb:63:in `call'
web-console (3.6.2) lib/web_console/middleware.rb:135:in `call_app'
web-console (3.6.2) lib/web_console/middleware.rb:30:in `block in call'
web-console (3.6.2) lib/web_console/middleware.rb:20:in `catch'
web-console (3.6.2) lib/web_console/middleware.rb:20:in `call'
actionpack (5.1.6) lib/action_dispatch/middleware/show_exceptions.rb:31:in `call'
railties (5.1.6) lib/rails/rack/logger.rb:36:in `call_app'
railties (5.1.6) lib/rails/rack/logger.rb:24:in `block in call'
activesupport (5.1.6) lib/active_support/tagged_logging.rb:69:in `block in tagged'
activesupport (5.1.6) lib/active_support/tagged_logging.rb:26:in `tagged'
activesupport (5.1.6) lib/active_support/tagged_logging.rb:69:in `tagged'
railties (5.1.6) lib/rails/rack/logger.rb:24:in `call'
sprockets-rails (3.2.1) lib/sprockets/rails/quiet_assets.rb:13:in `call'
actionpack (5.1.6) lib/action_dispatch/middleware/remote_ip.rb:79:in `call'
actionpack (5.1.6) lib/action_dispatch/middleware/request_id.rb:25:in `call'
rack (2.0.5) lib/rack/method_override.rb:22:in `call'
rack (2.0.5) lib/rack/runtime.rb:22:in `call'
activesupport (5.1.6) lib/active_support/cache/strategy/local_cache_middleware.rb:27:in `call'
actionpack (5.1.6) lib/action_dispatch/middleware/executor.rb:12:in `call'
actionpack (5.1.6) lib/action_dispatch/middleware/static.rb:125:in `call'
rack (2.0.5) lib/rack/sendfile.rb:111:in `call'
railties (5.1.6) lib/rails/engine.rb:522:in `call'
puma (3.12.0) lib/puma/configuration.rb:225:in `call'
puma (3.12.0) lib/puma/server.rb:658:in `handle_request'
puma (3.12.0) lib/puma/server.rb:472:in `process_client'
puma (3.12.0) lib/puma/server.rb:332:in `block in run'
puma (3.12.0) lib/puma/thread_pool.rb:133:in `block in spawn_thread'
Started POST "/api/users" for 127.0.0.1 at 2018-08-07 16:25:56 -0700
Processing by Api::UsersController#create as JSON
Completed 400 Bad Request in 3ms (ActiveRecord: 0.0ms)



ActionController::ParameterMissing - param is missing or the value is empty: user:
  app/controllers/api/users_controller.rb:15:in `user_params'
  app/controllers/api/users_controller.rb:3:in `create'

  [1m[36mUser Load (0.5ms)[0m  [1m[34mSELECT "users".* FROM "users"[0m
Started POST "/api/users?user[email]=user1&user[password]=[FILTERED]" for 127.0.0.1 at 2018-08-07 16:28:11 -0700
Processing by Api::UsersController#create as JSON
  Parameters: {"user"=>{"email"=>"user1", "password"=>"[FILTERED]"}}
  [1m[35m (0.3ms)[0m  [1m[35mBEGIN[0m
  [1m[36mUser Exists (1.2ms)[0m  [1m[34mSELECT  1 AS one FROM "users" WHERE "users"."email" = $1 LIMIT $2[0m  [["email", "user1"], ["LIMIT", 1]]
  [1m[36mUser Exists (0.3ms)[0m  [1m[34mSELECT  1 AS one FROM "users" WHERE "users"."session_token" = $1 LIMIT $2[0m  [["session_token", "_UNWLjNVPZnaqhZ3Vt6gHQ"], ["LIMIT", 1]]
  [1m[35mSQL (0.6ms)[0m  [1m[32mINSERT INTO "users" ("email", "password_digest", "session_token", "created_at", "updated_at") VALUES ($1, $2, $3, $4, $5) RETURNING "id"[0m  [["email", "user1"], ["password_digest", "$2a$10$JPyKm20KmLyBSUAVP8CtQ.O72vM05luxZBzfN1R3njm3DwtDwsRlq"], ["session_token", "_UNWLjNVPZnaqhZ3Vt6gHQ"], ["created_at", "2018-08-07 23:28:11.857378"], ["updated_at", "2018-08-07 23:28:11.857378"]]
  [1m[35m (0.4ms)[0m  [1m[35mCOMMIT[0m
  [1m[35m (0.2ms)[0m  [1m[35mBEGIN[0m
  [1m[36mUser Exists (0.4ms)[0m  [1m[34mSELECT  1 AS one FROM "users" WHERE "users"."email" = $1 AND ("users"."id" != $2) LIMIT $3[0m  [["email", "user1"], ["id", 2], ["LIMIT", 1]]
  [1m[36mUser Exists (0.3ms)[0m  [1m[34mSELECT  1 AS one FROM "users" WHERE "users"."session_token" = $1 AND ("users"."id" != $2) LIMIT $3[0m  [["session_token", "qkAxJUvCDG1UnuIg80gDVg"], ["id", 2], ["LIMIT", 1]]
  [1m[35mSQL (0.5ms)[0m  [1m[33mUPDATE "users" SET "session_token" = $1, "updated_at" = $2 WHERE "users"."id" = $3[0m  [["session_token", "qkAxJUvCDG1UnuIg80gDVg"], ["updated_at", "2018-08-07 23:28:11.862393"], ["id", 2]]
  [1m[35m (0.3ms)[0m  [1m[35mCOMMIT[0m
  Rendering api/users/show.json.jbuilder
  Rendered api/users/_user.json.jbuilder (0.3ms)
  Rendered api/users/show.json.jbuilder (4.5ms)
Completed 200 OK in 129ms (Views: 11.6ms | ActiveRecord: 23.9ms)


Started DELETE "/api/session/" for 127.0.0.1 at 2018-08-07 16:28:44 -0700

SyntaxError - syntax error, unexpected end-of-input, expecting keyword_end:
  app/controllers/api/sessions_controller.rb:24:in `'

Started DELETE "/api/session/" for 127.0.0.1 at 2018-08-07 16:29:07 -0700
Processing by Api::SessionsController#destroy as JSON
  [1m[36mUser Load (0.7ms)[0m  [1m[34mSELECT  "users".* FROM "users" WHERE "users"."session_token" = $1 LIMIT $2[0m  [["session_token", "qkAxJUvCDG1UnuIg80gDVg"], ["LIMIT", 1]]
  [1m[35m (0.2ms)[0m  [1m[35mBEGIN[0m
  [1m[36mUser Exists (0.5ms)[0m  [1m[34mSELECT  1 AS one FROM "users" WHERE "users"."email" = $1 AND ("users"."id" != $2) LIMIT $3[0m  [["email", "user1"], ["id", 2], ["LIMIT", 1]]
  [1m[36mUser Exists (0.3ms)[0m  [1m[34mSELECT  1 AS one FROM "users" WHERE "users"."session_token" = $1 AND ("users"."id" != $2) LIMIT $3[0m  [["session_token", "oyWOY83SBCO-XkPF_H9-xw"], ["id", 2], ["LIMIT", 1]]
  [1m[35mSQL (0.6ms)[0m  [1m[33mUPDATE "users" SET "session_token" = $1, "updated_at" = $2 WHERE "users"."id" = $3[0m  [["session_token", "oyWOY83SBCO-XkPF_H9-xw"], ["updated_at", "2018-08-07 23:29:07.235562"], ["id", 2]]
  [1m[35m (0.3ms)[0m  [1m[35mCOMMIT[0m
  Rendering api/users/show.json.jbuilder
  Rendered api/users/_user.json.jbuilder (0.2ms)
  Rendered api/users/show.json.jbuilder (1.4ms)
Completed 200 OK in 41ms (Views: 8.5ms | ActiveRecord: 10.2ms)


Started DELETE "/api/session/" for 127.0.0.1 at 2018-08-07 16:29:15 -0700
Processing by Api::SessionsController#destroy as JSON
Completed 404 Not Found in 0ms (Views: 0.1ms | ActiveRecord: 0.0ms)


  [1m[36mUser Load (0.5ms)[0m  [1m[34mSELECT "users".* FROM "users"[0m
Started DELETE "/api/users/?user[email]=agadberr&user[password]=[FILTERED]" for 127.0.0.1 at 2018-08-07 16:30:30 -0700
  
ActionController::RoutingError (No route matches [DELETE] "/api/users"):
  
actionpack (5.1.6) lib/action_dispatch/middleware/debug_exceptions.rb:63:in `call'
web-console (3.6.2) lib/web_console/middleware.rb:135:in `call_app'
web-console (3.6.2) lib/web_console/middleware.rb:30:in `block in call'
web-console (3.6.2) lib/web_console/middleware.rb:20:in `catch'
web-console (3.6.2) lib/web_console/middleware.rb:20:in `call'
actionpack (5.1.6) lib/action_dispatch/middleware/show_exceptions.rb:31:in `call'
railties (5.1.6) lib/rails/rack/logger.rb:36:in `call_app'
railties (5.1.6) lib/rails/rack/logger.rb:24:in `block in call'
activesupport (5.1.6) lib/active_support/tagged_logging.rb:69:in `block in tagged'
activesupport (5.1.6) lib/active_support/tagged_logging.rb:26:in `tagged'
activesupport (5.1.6) lib/active_support/tagged_logging.rb:69:in `tagged'
railties (5.1.6) lib/rails/rack/logger.rb:24:in `call'
sprockets-rails (3.2.1) lib/sprockets/rails/quiet_assets.rb:13:in `call'
actionpack (5.1.6) lib/action_dispatch/middleware/remote_ip.rb:79:in `call'
actionpack (5.1.6) lib/action_dispatch/middleware/request_id.rb:25:in `call'
rack (2.0.5) lib/rack/method_override.rb:22:in `call'
rack (2.0.5) lib/rack/runtime.rb:22:in `call'
activesupport (5.1.6) lib/active_support/cache/strategy/local_cache_middleware.rb:27:in `call'
actionpack (5.1.6) lib/action_dispatch/middleware/executor.rb:12:in `call'
actionpack (5.1.6) lib/action_dispatch/middleware/static.rb:125:in `call'
rack (2.0.5) lib/rack/sendfile.rb:111:in `call'
railties (5.1.6) lib/rails/engine.rb:522:in `call'
puma (3.12.0) lib/puma/configuration.rb:225:in `call'
puma (3.12.0) lib/puma/server.rb:658:in `handle_request'
puma (3.12.0) lib/puma/server.rb:472:in `process_client'
puma (3.12.0) lib/puma/server.rb:332:in `block in run'
puma (3.12.0) lib/puma/thread_pool.rb:133:in `block in spawn_thread'
Started POST "/api/users/?user[email]=agadberr&user[password]=[FILTERED]" for 127.0.0.1 at 2018-08-07 16:30:38 -0700
Processing by Api::UsersController#create as JSON
  Parameters: {"user"=>{"email"=>"agadberr", "password"=>"[FILTERED]"}}
  [1m[35m (0.2ms)[0m  [1m[35mBEGIN[0m
  [1m[36mUser Exists (0.4ms)[0m  [1m[34mSELECT  1 AS one FROM "users" WHERE "users"."email" = $1 LIMIT $2[0m  [["email", "agadberr"], ["LIMIT", 1]]
  [1m[36mUser Exists (0.3ms)[0m  [1m[34mSELECT  1 AS one FROM "users" WHERE "users"."session_token" = $1 LIMIT $2[0m  [["session_token", "RWa9P2fKjb0JQltqlh8ahQ"], ["LIMIT", 1]]
  [1m[35m (0.1ms)[0m  [1m[31mROLLBACK[0m
Completed 422 Unprocessable Entity in 71ms (Views: 0.2ms | ActiveRecord: 1.1ms)


Started POST "/api/users/?user[password]=[FILTERED]" for 127.0.0.1 at 2018-08-07 16:30:47 -0700
Processing by Api::UsersController#create as JSON
  Parameters: {"user"=>{"password"=>"[FILTERED]"}}
  [1m[35m (0.2ms)[0m  [1m[35mBEGIN[0m
  [1m[36mUser Exists (0.4ms)[0m  [1m[34mSELECT  1 AS one FROM "users" WHERE "users"."email" IS NULL LIMIT $1[0m  [["LIMIT", 1]]
  [1m[36mUser Exists (0.3ms)[0m  [1m[34mSELECT  1 AS one FROM "users" WHERE "users"."session_token" = $1 LIMIT $2[0m  [["session_token", "ZnSwhXvt86HEMNtSW27JBQ"], ["LIMIT", 1]]
  [1m[35m (0.1ms)[0m  [1m[31mROLLBACK[0m
Completed 422 Unprocessable Entity in 68ms (Views: 0.2ms | ActiveRecord: 1.0ms)


Started POST "/api/users/?user[email]=agadberr" for 127.0.0.1 at 2018-08-07 16:30:51 -0700
Processing by Api::UsersController#create as JSON
  Parameters: {"user"=>{"email"=>"agadberr"}}
  [1m[35m (0.1ms)[0m  [1m[35mBEGIN[0m
  [1m[36mUser Exists (0.4ms)[0m  [1m[34mSELECT  1 AS one FROM "users" WHERE "users"."email" = $1 LIMIT $2[0m  [["email", "agadberr"], ["LIMIT", 1]]
  [1m[36mUser Exists (0.3ms)[0m  [1m[34mSELECT  1 AS one FROM "users" WHERE "users"."session_token" = $1 LIMIT $2[0m  [["session_token", "b45NtJkYYGHwZdWZZayV6Q"], ["LIMIT", 1]]
  [1m[35m (0.2ms)[0m  [1m[31mROLLBACK[0m
Completed 422 Unprocessable Entity in 5ms (Views: 0.2ms | ActiveRecord: 1.0ms)


Started POST "/api/users/?user[email]=agadsberr" for 127.0.0.1 at 2018-08-07 16:30:57 -0700
Processing by Api::UsersController#create as JSON
  Parameters: {"user"=>{"email"=>"agadsberr"}}
  [1m[35m (0.2ms)[0m  [1m[35mBEGIN[0m
  [1m[36mUser Exists (0.4ms)[0m  [1m[34mSELECT  1 AS one FROM "users" WHERE "users"."email" = $1 LIMIT $2[0m  [["email", "agadsberr"], ["LIMIT", 1]]
  [1m[36mUser Exists (0.3ms)[0m  [1m[34mSELECT  1 AS one FROM "users" WHERE "users"."session_token" = $1 LIMIT $2[0m  [["session_token", "dXsCFIJt7vK6xd9vms_Yfw"], ["LIMIT", 1]]
  [1m[35m (0.1ms)[0m  [1m[31mROLLBACK[0m
Completed 422 Unprocessable Entity in 4ms (Views: 0.1ms | ActiveRecord: 1.0ms)


Started GET "/" for 127.0.0.1 at 2018-08-07 18:18:40 -0700
Processing by Rails::WelcomeController#index as HTML
  Rendering /Users/aidang/.rbenv/versions/2.3.1/lib/ruby/gems/2.3.0/gems/railties-5.1.6/lib/rails/templates/rails/welcome/index.html.erb
  Rendered /Users/aidang/.rbenv/versions/2.3.1/lib/ruby/gems/2.3.0/gems/railties-5.1.6/lib/rails/templates/rails/welcome/index.html.erb (2.5ms)
Completed 200 OK in 9ms (Views: 5.6ms | ActiveRecord: 0.0ms)


Started GET "/" for 127.0.0.1 at 2018-08-07 18:19:02 -0700
Processing by Rails::WelcomeController#index as HTML
  Rendering /Users/aidang/.rbenv/versions/2.3.1/lib/ruby/gems/2.3.0/gems/railties-5.1.6/lib/rails/templates/rails/welcome/index.html.erb
  Rendered /Users/aidang/.rbenv/versions/2.3.1/lib/ruby/gems/2.3.0/gems/railties-5.1.6/lib/rails/templates/rails/welcome/index.html.erb (2.9ms)
Completed 200 OK in 9ms (Views: 6.1ms | ActiveRecord: 0.0ms)


Started GET "/" for 127.0.0.1 at 2018-08-07 18:23:12 -0700
Processing by Rails::WelcomeController#index as HTML
  Rendering /Users/aidang/.rbenv/versions/2.3.1/lib/ruby/gems/2.3.0/gems/railties-5.1.6/lib/rails/templates/rails/welcome/index.html.erb
  Rendered /Users/aidang/.rbenv/versions/2.3.1/lib/ruby/gems/2.3.0/gems/railties-5.1.6/lib/rails/templates/rails/welcome/index.html.erb (2.9ms)
Completed 200 OK in 9ms (Views: 6.2ms | ActiveRecord: 0.0ms)


Started GET "/" for 127.0.0.1 at 2018-08-07 18:23:59 -0700

ArgumentError - Missing :controller key on routes definition, please check your routes.:
  config/routes.rb:8:in `block in <top (required)>'
  config/routes.rb:1:in `<top (required)>'

Started POST "/__better_errors/4a0b7b78e1c109a8/variables" for 127.0.0.1 at 2018-08-07 18:23:59 -0700
Started GET "/" for 127.0.0.1 at 2018-08-07 18:24:37 -0700

ArgumentError - 'StaticPagesController' is not a supported controller name. This can lead to potential routing problems. See http://guides.rubyonrails.org/routing.html#specifying-a-controller-to-use:
  config/routes.rb:8:in `block in <top (required)>'
  config/routes.rb:1:in `<top (required)>'

Started POST "/__better_errors/b6a3a563e6350f08/variables" for 127.0.0.1 at 2018-08-07 18:24:37 -0700
Started GET "/" for 127.0.0.1 at 2018-08-07 18:24:47 -0700

SyntaxError - syntax error, unexpected end-of-input:
  app/controllers/static_pages_controller.rb:4:in `'
  config/routes.rb:8:in `block in <top (required)>'
  config/routes.rb:1:in `<top (required)>'

Started POST "/__better_errors/1c640fbdfd69ea71/variables" for 127.0.0.1 at 2018-08-07 18:24:47 -0700
Started GET "/" for 127.0.0.1 at 2018-08-07 18:25:48 -0700

SyntaxError - syntax error, unexpected end-of-input:
  app/controllers/static_pages_controller.rb:4:in `'

Started POST "/__better_errors/f56b2cec0cc44dae/variables" for 127.0.0.1 at 2018-08-07 18:25:48 -0700
Started GET "/" for 127.0.0.1 at 2018-08-07 18:26:46 -0700
Processing by StaticPagesController#root as HTML
  Rendering static_pages/root.html.erb within layouts/application
  Rendered static_pages/root.html.erb within layouts/application (0.3ms)
Completed 200 OK in 1421ms (Views: 1419.0ms | ActiveRecord: 0.0ms)


Started GET "/" for 127.0.0.1 at 2018-08-07 18:28:31 -0700
Processing by StaticPagesController#root as HTML
  Rendering static_pages/root.html.erb within layouts/application
  Rendered static_pages/root.html.erb within layouts/application (0.4ms)
Completed 200 OK in 222ms (Views: 220.2ms | ActiveRecord: 0.0ms)


